[debug] [2022-04-22T17:24:58.776Z] ----------------------------------------------------------------------
[debug] [2022-04-22T17:24:58.779Z] Command:       C:\Program Files\nodejs\node.exe C:\Users\plego\AppData\Roaming\npm\node_modules\firebase-tools\lib\bin\firebase.js emulators:start
[debug] [2022-04-22T17:24:58.779Z] CLI Version:   10.5.0
[debug] [2022-04-22T17:24:58.780Z] Platform:      win32
[debug] [2022-04-22T17:24:58.780Z] Node Version:  v16.13.2
[debug] [2022-04-22T17:24:58.782Z] Time:          Fri Apr 22 2022 19:24:58 GMT+0200 (heure d’été d’Europe centrale)
[debug] [2022-04-22T17:24:58.782Z] ----------------------------------------------------------------------
[debug] 
[debug] [2022-04-22T17:24:58.896Z] > command requires scopes: ["email","openid","https://www.googleapis.com/auth/cloudplatformprojects.readonly","https://www.googleapis.com/auth/firebase","https://www.googleapis.com/auth/cloud-platform"]
[debug] [2022-04-22T17:24:58.897Z] > authorizing via signed-in user (plegoubin.acc@gmail.com)
[debug] [2022-04-22T17:24:59.113Z] java version "17.0.1" 2021-10-19 LTS
Java(TM) SE Runtime Environment (build 17.0.1+12-LTS-39)

[debug] [2022-04-22T17:24:59.114Z] Java HotSpot(TM) 64-Bit Server VM (build 17.0.1+12-LTS-39, mixed mode, sharing)

[debug] [2022-04-22T17:24:59.140Z] Parsed Java major version: 17
[info] i  emulators: Starting emulators: auth, functions, database {"metadata":{"emulator":{"name":"hub"},"message":"Starting emulators: auth, functions, database"}}
[debug] [2022-04-22T17:24:59.161Z] [hub] writing locator at C:\Users\plego\AppData\Local\Temp\hub-slashwriter-93db66f1356f.json
[warn] !  functions: The following emulators are not running, calls to these services from the Functions emulator will affect production: firestore, hosting, pubsub, storage {"metadata":{"emulator":{"name":"functions"},"message":"The following emulators are not running, calls to these services from the Functions emulator will affect production: \u001b[1mfirestore, hosting, pubsub, storage\u001b[22m"}}
[info] +  functions: Using node@16 from host. {"metadata":{"emulator":{"name":"functions"},"message":"Using node@16 from host."}}
[debug] [2022-04-22T17:24:59.186Z] defaultcredentials: writing to file C:\Users\plego\AppData\Roaming\firebase\plegoubin_acc_gmail.com_application_default_credentials.json
[debug] [2022-04-22T17:24:59.188Z] Setting GAC to C:\Users\plego\AppData\Roaming\firebase\plegoubin_acc_gmail.com_application_default_credentials.json {"metadata":{"emulator":{"name":"functions"},"message":"Setting GAC to C:\\Users\\plego\\AppData\\Roaming\\firebase\\plegoubin_acc_gmail.com_application_default_credentials.json"}}
[debug] [2022-04-22T17:24:59.194Z] >>> [apiv2][query] GET https://firebase.googleapis.com/v1beta1/projects/slashwriter-93db66f1356f/adminSdkConfig [none]
[debug] [2022-04-22T17:24:59.608Z] <<< [apiv2][status] GET https://firebase.googleapis.com/v1beta1/projects/slashwriter-93db66f1356f/adminSdkConfig 200
[debug] [2022-04-22T17:24:59.609Z] <<< [apiv2][body] GET https://firebase.googleapis.com/v1beta1/projects/slashwriter-93db66f1356f/adminSdkConfig {"projectId":"slashwriter-93db66f1356f","databaseURL":"https://slashwriter-93db66f1356f-default-rtdb.europe-west1.firebasedatabase.app","storageBucket":"slashwriter-93db66f1356f.appspot.com","locationId":"europe-west"}
[debug] [2022-04-22T17:24:59.645Z] >>> [apiv2][query] GET https://firebase.googleapis.com/v1beta1/projects/slashwriter-93db66f1356f [none]
[debug] [2022-04-22T17:24:59.909Z] <<< [apiv2][status] GET https://firebase.googleapis.com/v1beta1/projects/slashwriter-93db66f1356f 200
[debug] [2022-04-22T17:24:59.909Z] <<< [apiv2][body] GET https://firebase.googleapis.com/v1beta1/projects/slashwriter-93db66f1356f {"projectId":"slashwriter-93db66f1356f","projectNumber":"268919934535","displayName":"slashwriter","name":"projects/slashwriter-93db66f1356f","resources":{"hostingSite":"slashwriter-93db66f1356f","realtimeDatabaseInstance":"slashwriter-93db66f1356f-default-rtdb","storageBucket":"slashwriter-93db66f1356f.appspot.com","locationId":"europe-west"},"state":"ACTIVE"}
[debug] [2022-04-22T17:24:59.910Z] database rules config:  []
[warn] !  database: Did not find a Realtime Database rules file specified in a firebase.json config file. The emulator will default to allowing all reads and writes. Learn more about this option: https://firebase.google.com/docs/emulator-suite/install_and_configure#security_rules_configuration. {"metadata":{"emulator":{"name":"database"},"message":"Did not find a Realtime Database rules file specified in a firebase.json config file. The emulator will default to allowing all reads and writes. Learn more about this option: https://firebase.google.com/docs/emulator-suite/install_and_configure#security_rules_configuration."}}
[debug] [2022-04-22T17:24:59.917Z] Ignoring unsupported arg: projectId {"metadata":{"emulator":{"name":"database"},"message":"Ignoring unsupported arg: projectId"}}
[debug] [2022-04-22T17:24:59.917Z] Ignoring unsupported arg: auto_download {"metadata":{"emulator":{"name":"database"},"message":"Ignoring unsupported arg: auto_download"}}
[debug] [2022-04-22T17:24:59.918Z] Ignoring unsupported arg: rules {"metadata":{"emulator":{"name":"database"},"message":"Ignoring unsupported arg: rules"}}
[debug] [2022-04-22T17:24:59.918Z] Starting Database Emulator with command {"binary":"java","args":["-Duser.language=en","-jar","C:\\Users\\plego\\.cache\\firebase\\emulators\\firebase-database-emulator-v4.7.3.jar","--host","localhost","--port",9000,"--functions_emulator_host","localhost","--functions_emulator_port",5001],"optionalArgs":["port","host","functions_emulator_port","functions_emulator_host"],"joinArgs":false} {"metadata":{"emulator":{"name":"database"},"message":"Starting Database Emulator with command {\"binary\":\"java\",\"args\":[\"-Duser.language=en\",\"-jar\",\"C:\\\\Users\\\\plego\\\\.cache\\\\firebase\\\\emulators\\\\firebase-database-emulator-v4.7.3.jar\",\"--host\",\"localhost\",\"--port\",9000,\"--functions_emulator_host\",\"localhost\",\"--functions_emulator_port\",5001],\"optionalArgs\":[\"port\",\"host\",\"functions_emulator_port\",\"functions_emulator_host\"],\"joinArgs\":false}"}}
[info] i  database: Database Emulator logging to database-debug.log {"metadata":{"emulator":{"name":"database"},"message":"Database Emulator logging to \u001b[1mdatabase-debug.log\u001b[22m"}}
[debug] [2022-04-22T17:25:16.020Z] Ignoring unsupported arg: auto_download {"metadata":{"emulator":{"name":"ui"},"message":"Ignoring unsupported arg: auto_download"}}
[debug] [2022-04-22T17:25:16.020Z] Ignoring unsupported arg: port {"metadata":{"emulator":{"name":"ui"},"message":"Ignoring unsupported arg: port"}}
[debug] [2022-04-22T17:25:16.020Z] Starting Emulator UI with command {"binary":"node","args":["C:\\Users\\plego\\.cache\\firebase\\emulators\\ui-v1.6.5\\server.bundle.js"],"optionalArgs":[],"joinArgs":false} {"metadata":{"emulator":{"name":"ui"},"message":"Starting Emulator UI with command {\"binary\":\"node\",\"args\":[\"C:\\\\Users\\\\plego\\\\.cache\\\\firebase\\\\emulators\\\\ui-v1.6.5\\\\server.bundle.js\"],\"optionalArgs\":[],\"joinArgs\":false}"}}
[info] i  ui: Emulator UI logging to ui-debug.log {"metadata":{"emulator":{"name":"ui"},"message":"Emulator UI logging to \u001b[1mui-debug.log\u001b[22m"}}
[debug] [2022-04-22T17:25:16.266Z] Web / API server started at localhost:4000
 {"metadata":{"emulator":{"name":"ui"},"message":"Web / API server started at localhost:4000\n"}}
[info] i  functions: Watching "D:\Pierre\Developpement\Javascript\NextJS\slashwriter\functions" for Cloud Functions... {"metadata":{"emulator":{"name":"functions"},"message":"Watching \"D:\\Pierre\\Developpement\\Javascript\\NextJS\\slashwriter\\functions\" for Cloud Functions..."}}
[debug] [2022-04-22T17:25:16.305Z] Validating nodejs source
[debug] [2022-04-22T17:25:21.477Z] > [functions] package.json contents: {
  "name": "functions",
  "description": "Cloud Functions for Firebase",
  "scripts": {
    "serve": "firebase emulators:start --only functions",
    "shell": "firebase functions:shell",
    "start": "npm run shell",
    "deploy": "firebase deploy --only functions",
    "logs": "firebase functions:log"
  },
  "engines": {
    "node": "16"
  },
  "main": "index.js",
  "dependencies": {
    "firebase-admin": "^10.0.2",
    "firebase-functions": "^3.18.0"
  },
  "devDependencies": {
    "firebase-functions-test": "^0.2.0"
  },
  "private": true
}
[debug] [2022-04-22T17:25:21.478Z] Building nodejs source
[debug] [2022-04-22T17:25:21.478Z] Analyzing nodejs backend spec
[debug] [2022-04-22T17:25:21.991Z] addAuthTrigger {"eventTrigger":{"eventType":"providers/firebase.auth/eventTypes/user.create","resource":"projects/slashwriter-93db66f1356f"}}
[info] +  functions[us-central1-createUser]: auth function initialized. {"metadata":{"emulator":{"name":"functions"},"message":"\u001b[1mauth\u001b[22m function initialized."}}
[debug] [2022-04-22T17:25:21.993Z] addAuthTrigger {"eventTrigger":{"eventType":"providers/firebase.auth/eventTypes/user.delete","resource":"projects/slashwriter-93db66f1356f"}}
[info] +  functions[us-central1-deleteUser]: auth function initialized. {"metadata":{"emulator":{"name":"functions"},"message":"\u001b[1mauth\u001b[22m function initialized."}}
[info] 
┌─────────────────────────────────────────────────────────────┐
│ ✔  All emulators ready! It is now safe to connect your app. │
│ i  View Emulator UI at http://localhost:4000                │
└─────────────────────────────────────────────────────────────┘

┌────────────────┬────────────────┬─────────────────────────────────┐
│ Emulator       │ Host:Port      │ View in Emulator UI             │
├────────────────┼────────────────┼─────────────────────────────────┤
│ Authentication │ localhost:9099 │ http://localhost:4000/auth      │
├────────────────┼────────────────┼─────────────────────────────────┤
│ Functions      │ localhost:5001 │ http://localhost:4000/functions │
├────────────────┼────────────────┼─────────────────────────────────┤
│ Database       │ localhost:9000 │ http://localhost:4000/database  │
└────────────────┴────────────────┴─────────────────────────────────┘
  Emulator Hub running at localhost:4400
  Other reserved ports: 4500

Issues? Report them at https://github.com/firebase/firebase-tools/issues and attach the *-debug.log files.
 
[debug] [2022-04-22T17:36:53.229Z] >>> [apiv2][query] POST http://localhost:5001/functions/projects/slashwriter-93db66f1356f/trigger_multicast [none]
[debug] [2022-04-22T17:36:53.230Z] >>> [apiv2][body] POST http://localhost:5001/functions/projects/slashwriter-93db66f1356f/trigger_multicast {"eventId":"a74e38b0-8554-4da8-b1ad-911dfd1a1d5d","eventType":"providers/firebase.auth/eventTypes/user.create","resource":{"name":"projects/slashwriter-93db66f1356f","service":"firebaseauth.googleapis.com"},"params":{},"timestamp":"2022-04-22T17:36:53.229Z","data":{"uid":"3HO23UPAlkRzuQn4151rEZ8hEeeZ","email":"michel@gmail.com","emailVerified":false,"metadata":{"creationTime":"1650649013227","lastSignInTime":"1650649013226"},"customClaims":{},"providerData":[{"providerId":"password","email":"michel@gmail.com","federatedId":"michel@gmail.com","rawId":"michel@gmail.com"}]}}
[debug] [2022-04-22T17:36:53.240Z] [work-queue] {"queueLength":1,"workRunningCount":0}
[debug] [2022-04-22T17:36:53.242Z] [work-queue] {"queueLength":0,"workRunningCount":1}
[debug] [2022-04-22T17:36:53.242Z] Accepted multicast request POST /functions/projects/slashwriter-93db66f1356f/trigger_multicast --> us-central1-createUser-0 {"metadata":{"emulator":{"name":"functions"},"message":"Accepted multicast request POST /functions/projects/slashwriter-93db66f1356f/trigger_multicast --> us-central1-createUser-0"}}
[debug] [2022-04-22T17:36:53.253Z] [worker-pool] addWorker(us-central1-createUser) {"metadata":{"emulator":{"name":"functions"},"message":"[worker-pool] addWorker(us-central1-createUser)"}}
[debug] [2022-04-22T17:36:53.254Z] [worker-pool] Adding worker with key us-central1-createUser, total=1 {"metadata":{"emulator":{"name":"functions"},"message":"[worker-pool] Adding worker with key us-central1-createUser, total=1"}}
[debug] [2022-04-22T17:36:53.254Z] [worker-pool] submitWork(triggerId=us-central1-createUser) {"metadata":{"emulator":{"name":"functions"},"message":"[worker-pool] submitWork(triggerId=us-central1-createUser)"}}
[debug] [2022-04-22T17:36:53.255Z] [worker-us-central1-createUser-0cf17928-6de7-4285-895d-3a0dde24e572]: Assigning socketPath: \\?\pipe\D:\Pierre\Developpement\Javascript\NextJS\slashwriter\functions\22096 {"metadata":{"emulator":{"name":"functions"},"message":"[worker-us-central1-createUser-0cf17928-6de7-4285-895d-3a0dde24e572]: Assigning socketPath: \\\\?\\pipe\\D:\\Pierre\\Developpement\\Javascript\\NextJS\\slashwriter\\functions\\22096"}}
[debug] [2022-04-22T17:36:53.255Z] [worker-us-central1-createUser-0cf17928-6de7-4285-895d-3a0dde24e572]: BUSY {"metadata":{"emulator":{"name":"functions"},"message":"[worker-us-central1-createUser-0cf17928-6de7-4285-895d-3a0dde24e572]: BUSY"}}
[debug] [2022-04-22T17:36:53.260Z] <<< [apiv2][status] POST http://localhost:5001/functions/projects/slashwriter-93db66f1356f/trigger_multicast 200
[debug] [2022-04-22T17:36:53.260Z] <<< [apiv2][body] POST http://localhost:5001/functions/projects/slashwriter-93db66f1356f/trigger_multicast {"status":"multicast_acknowledged"}
[debug] [2022-04-22T17:36:57.221Z] [runtime-status] [22096] Functions runtime initialized. {"cwd":"D:\\Pierre\\Developpement\\Javascript\\NextJS\\slashwriter\\functions","node_version":"16.13.2"} {"metadata":{"emulator":{"name":"functions"},"function":{"name":"us-central1-createUser"},"extension":{},"message":"[runtime-status] [22096] Functions runtime initialized. {\"cwd\":\"D:\\\\Pierre\\\\Developpement\\\\Javascript\\\\NextJS\\\\slashwriter\\\\functions\",\"node_version\":\"16.13.2\"}"}}
[debug] [2022-04-22T17:36:57.223Z] [runtime-status] [22096] Disabled runtime features: undefined {"metadata":{"emulator":{"name":"functions"},"function":{"name":"us-central1-createUser"},"extension":{},"message":"[runtime-status] [22096] Disabled runtime features: undefined"}}
[debug] [2022-04-22T17:36:57.227Z] [runtime-status] [22096] Resolved module firebase-admin {"declared":true,"installed":true,"version":"10.0.2","resolution":"D:\\Pierre\\Developpement\\Javascript\\NextJS\\slashwriter\\functions\\node_modules\\firebase-admin\\lib\\index.js"} {"metadata":{"emulator":{"name":"functions"},"function":{"name":"us-central1-createUser"},"extension":{},"message":"[runtime-status] [22096] Resolved module firebase-admin {\"declared\":true,\"installed\":true,\"version\":\"10.0.2\",\"resolution\":\"D:\\\\Pierre\\\\Developpement\\\\Javascript\\\\NextJS\\\\slashwriter\\\\functions\\\\node_modules\\\\firebase-admin\\\\lib\\\\index.js\"}"}}
[debug] [2022-04-22T17:36:57.230Z] [runtime-status] [22096] Resolved module firebase-functions {"declared":true,"installed":true,"version":"3.20.1","resolution":"D:\\Pierre\\Developpement\\Javascript\\NextJS\\slashwriter\\functions\\node_modules\\firebase-functions\\lib\\index.js"} {"metadata":{"emulator":{"name":"functions"},"function":{"name":"us-central1-createUser"},"extension":{},"message":"[runtime-status] [22096] Resolved module firebase-functions {\"declared\":true,\"installed\":true,\"version\":\"3.20.1\",\"resolution\":\"D:\\\\Pierre\\\\Developpement\\\\Javascript\\\\NextJS\\\\slashwriter\\\\functions\\\\node_modules\\\\firebase-functions\\\\lib\\\\index.js\"}"}}
[debug] [2022-04-22T17:36:57.231Z] [runtime-status] [22096] Outgoing network have been stubbed. [{"name":"http","status":"mocked"},{"name":"http","status":"mocked"},{"name":"https","status":"mocked"},{"name":"https","status":"mocked"},{"name":"net","status":"mocked"}] {"metadata":{"emulator":{"name":"functions"},"function":{"name":"us-central1-createUser"},"extension":{},"message":"[runtime-status] [22096] Outgoing network have been stubbed. [{\"name\":\"http\",\"status\":\"mocked\"},{\"name\":\"http\",\"status\":\"mocked\"},{\"name\":\"https\",\"status\":\"mocked\"},{\"name\":\"https\",\"status\":\"mocked\"},{\"name\":\"net\",\"status\":\"mocked\"}]"}}
[debug] [2022-04-22T17:36:57.232Z] [runtime-status] [22096] Resolved module firebase-functions {"declared":true,"installed":true,"version":"3.20.1","resolution":"D:\\Pierre\\Developpement\\Javascript\\NextJS\\slashwriter\\functions\\node_modules\\firebase-functions\\lib\\index.js"} {"metadata":{"emulator":{"name":"functions"},"function":{"name":"us-central1-createUser"},"extension":{},"message":"[runtime-status] [22096] Resolved module firebase-functions {\"declared\":true,\"installed\":true,\"version\":\"3.20.1\",\"resolution\":\"D:\\\\Pierre\\\\Developpement\\\\Javascript\\\\NextJS\\\\slashwriter\\\\functions\\\\node_modules\\\\firebase-functions\\\\lib\\\\index.js\"}"}}
[debug] [2022-04-22T17:36:57.375Z] [runtime-status] [22096] Checked functions.config() {"config":{}} {"metadata":{"emulator":{"name":"functions"},"function":{"name":"us-central1-createUser"},"extension":{},"message":"[runtime-status] [22096] Checked functions.config() {\"config\":{}}"}}
[debug] [2022-04-22T17:36:57.375Z] [runtime-status] [22096] firebase-functions has been stubbed. {"functionsResolution":{"declared":true,"installed":true,"version":"3.20.1","resolution":"D:\\Pierre\\Developpement\\Javascript\\NextJS\\slashwriter\\functions\\node_modules\\firebase-functions\\lib\\index.js"}} {"metadata":{"emulator":{"name":"functions"},"function":{"name":"us-central1-createUser"},"extension":{},"message":"[runtime-status] [22096] firebase-functions has been stubbed. {\"functionsResolution\":{\"declared\":true,\"installed\":true,\"version\":\"3.20.1\",\"resolution\":\"D:\\\\Pierre\\\\Developpement\\\\Javascript\\\\NextJS\\\\slashwriter\\\\functions\\\\node_modules\\\\firebase-functions\\\\lib\\\\index.js\"}}"}}
[debug] [2022-04-22T17:36:57.377Z] [runtime-status] [22096] Resolved module firebase-functions {"declared":true,"installed":true,"version":"3.20.1","resolution":"D:\\Pierre\\Developpement\\Javascript\\NextJS\\slashwriter\\functions\\node_modules\\firebase-functions\\lib\\index.js"} {"metadata":{"emulator":{"name":"functions"},"function":{"name":"us-central1-createUser"},"extension":{},"message":"[runtime-status] [22096] Resolved module firebase-functions {\"declared\":true,\"installed\":true,\"version\":\"3.20.1\",\"resolution\":\"D:\\\\Pierre\\\\Developpement\\\\Javascript\\\\NextJS\\\\slashwriter\\\\functions\\\\node_modules\\\\firebase-functions\\\\lib\\\\index.js\"}"}}
[debug] [2022-04-22T17:36:57.379Z] [runtime-status] [22096] Resolved module firebase-admin {"declared":true,"installed":true,"version":"10.0.2","resolution":"D:\\Pierre\\Developpement\\Javascript\\NextJS\\slashwriter\\functions\\node_modules\\firebase-admin\\lib\\index.js"} {"metadata":{"emulator":{"name":"functions"},"function":{"name":"us-central1-createUser"},"extension":{},"message":"[runtime-status] [22096] Resolved module firebase-admin {\"declared\":true,\"installed\":true,\"version\":\"10.0.2\",\"resolution\":\"D:\\\\Pierre\\\\Developpement\\\\Javascript\\\\NextJS\\\\slashwriter\\\\functions\\\\node_modules\\\\firebase-admin\\\\lib\\\\index.js\"}"}}
[debug] [2022-04-22T17:36:57.380Z] [runtime-status] [22096] Resolved module firebase-functions {"declared":true,"installed":true,"version":"3.20.1","resolution":"D:\\Pierre\\Developpement\\Javascript\\NextJS\\slashwriter\\functions\\node_modules\\firebase-functions\\lib\\index.js"} {"metadata":{"emulator":{"name":"functions"},"function":{"name":"us-central1-createUser"},"extension":{},"message":"[runtime-status] [22096] Resolved module firebase-functions {\"declared\":true,\"installed\":true,\"version\":\"3.20.1\",\"resolution\":\"D:\\\\Pierre\\\\Developpement\\\\Javascript\\\\NextJS\\\\slashwriter\\\\functions\\\\node_modules\\\\firebase-functions\\\\lib\\\\index.js\"}"}}
[debug] [2022-04-22T17:36:57.381Z] [runtime-status] [22096] firebase-admin has been stubbed. {"adminResolution":{"declared":true,"installed":true,"version":"10.0.2","resolution":"D:\\Pierre\\Developpement\\Javascript\\NextJS\\slashwriter\\functions\\node_modules\\firebase-admin\\lib\\index.js"}} {"metadata":{"emulator":{"name":"functions"},"function":{"name":"us-central1-createUser"},"extension":{},"message":"[runtime-status] [22096] firebase-admin has been stubbed. {\"adminResolution\":{\"declared\":true,\"installed\":true,\"version\":\"10.0.2\",\"resolution\":\"D:\\\\Pierre\\\\Developpement\\\\Javascript\\\\NextJS\\\\slashwriter\\\\functions\\\\node_modules\\\\firebase-admin\\\\lib\\\\index.js\"}}"}}
[debug] [2022-04-22T17:36:57.385Z] [runtime-status] [22096] initializeApp(DEFAULT) {"storageBucket":"slashwriter-93db66f1356f.appspot.com","databaseURL":"http://localhost:9000/?ns=slashwriter-93db66f1356f-default-rtdb","projectId":"slashwriter-93db66f1356f"} {"metadata":{"emulator":{"name":"functions"},"function":{"name":"us-central1-createUser"},"extension":{},"message":"[runtime-status] [22096] initializeApp(DEFAULT) {\"storageBucket\":\"slashwriter-93db66f1356f.appspot.com\",\"databaseURL\":\"http://localhost:9000/?ns=slashwriter-93db66f1356f-default-rtdb\",\"projectId\":\"slashwriter-93db66f1356f\"}"}}
[debug] [2022-04-22T17:36:57.439Z] [runtime-status] [22096] Beginning invocation function createUser! {"metadata":{"emulator":{"name":"functions"},"function":{"name":"us-central1-createUser"},"extension":{},"message":"[runtime-status] [22096] Beginning invocation function createUser!"}}
[info] i  functions: Beginning execution of "createUser" {"metadata":{"emulator":{"name":"functions"},"function":{"name":"us-central1-createUser"},"extension":{},"message":"Beginning execution of \"createUser\""}}
[debug] [2022-04-22T17:36:57.441Z] [runtime-status] [22096] Running createUser in signature event {"metadata":{"emulator":{"name":"functions"},"function":{"name":"us-central1-createUser"},"extension":{},"message":"[runtime-status] [22096] Running createUser in signature event"}}
[debug] [2022-04-22T17:36:57.441Z] [runtime-status] [22096] ProcessBackground {"eventId":"a74e38b0-8554-4da8-b1ad-911dfd1a1d5d","eventType":"providers/firebase.auth/eventTypes/user.create","resource":{"name":"projects/slashwriter-93db66f1356f","service":"firebaseauth.googleapis.com"},"params":{},"timestamp":"2022-04-22T17:36:53.229Z","data":{"uid":"3HO23UPAlkRzuQn4151rEZ8hEeeZ","email":"michel@gmail.com","emailVerified":false,"metadata":{"creationTime":"1650649013227","lastSignInTime":"1650649013226"},"customClaims":{},"providerData":[{"providerId":"password","email":"michel@gmail.com","federatedId":"michel@gmail.com","rawId":"michel@gmail.com"}]}} {"metadata":{"emulator":{"name":"functions"},"function":{"name":"us-central1-createUser"},"extension":{},"message":"[runtime-status] [22096] ProcessBackground {\"eventId\":\"a74e38b0-8554-4da8-b1ad-911dfd1a1d5d\",\"eventType\":\"providers/firebase.auth/eventTypes/user.create\",\"resource\":{\"name\":\"projects/slashwriter-93db66f1356f\",\"service\":\"firebaseauth.googleapis.com\"},\"params\":{},\"timestamp\":\"2022-04-22T17:36:53.229Z\",\"data\":{\"uid\":\"3HO23UPAlkRzuQn4151rEZ8hEeeZ\",\"email\":\"michel@gmail.com\",\"emailVerified\":false,\"metadata\":{\"creationTime\":\"1650649013227\",\"lastSignInTime\":\"1650649013226\"},\"customClaims\":{},\"providerData\":[{\"providerId\":\"password\",\"email\":\"michel@gmail.com\",\"federatedId\":\"michel@gmail.com\",\"rawId\":\"michel@gmail.com\"}]}}"}}
[debug] [2022-04-22T17:36:57.442Z] [runtime-status] [22096] ProcessBackground: lifting resource.name from resource {"name":"projects/slashwriter-93db66f1356f","service":"firebaseauth.googleapis.com"} {"metadata":{"emulator":{"name":"functions"},"function":{"name":"us-central1-createUser"},"extension":{},"message":"[runtime-status] [22096] ProcessBackground: lifting resource.name from resource {\"name\":\"projects/slashwriter-93db66f1356f\",\"service\":\"firebaseauth.googleapis.com\"}"}}
[debug] [2022-04-22T17:36:57.442Z] [runtime-status] [22096] RunBackground {"data":{"uid":"3HO23UPAlkRzuQn4151rEZ8hEeeZ","email":"michel@gmail.com","emailVerified":false,"metadata":{"creationTime":"1650649013227","lastSignInTime":"1650649013226"},"customClaims":{},"providerData":[{"providerId":"password","email":"michel@gmail.com","federatedId":"michel@gmail.com","rawId":"michel@gmail.com"}]},"context":{"eventId":"a74e38b0-8554-4da8-b1ad-911dfd1a1d5d","eventType":"providers/firebase.auth/eventTypes/user.create","resource":"projects/slashwriter-93db66f1356f","params":{},"timestamp":"2022-04-22T17:36:53.229Z"}} {"metadata":{"emulator":{"name":"functions"},"function":{"name":"us-central1-createUser"},"extension":{},"message":"[runtime-status] [22096] RunBackground {\"data\":{\"uid\":\"3HO23UPAlkRzuQn4151rEZ8hEeeZ\",\"email\":\"michel@gmail.com\",\"emailVerified\":false,\"metadata\":{\"creationTime\":\"1650649013227\",\"lastSignInTime\":\"1650649013226\"},\"customClaims\":{},\"providerData\":[{\"providerId\":\"password\",\"email\":\"michel@gmail.com\",\"federatedId\":\"michel@gmail.com\",\"rawId\":\"michel@gmail.com\"}]},\"context\":{\"eventId\":\"a74e38b0-8554-4da8-b1ad-911dfd1a1d5d\",\"eventType\":\"providers/firebase.auth/eventTypes/user.create\",\"resource\":\"projects/slashwriter-93db66f1356f\",\"params\":{},\"timestamp\":\"2022-04-22T17:36:53.229Z\"}}"}}
[debug] [2022-04-22T17:36:57.459Z] [runtime-status] [22096] Ephemeral server survived. {"metadata":{"emulator":{"name":"functions"},"function":{"name":"us-central1-createUser"},"extension":{},"message":"[runtime-status] [22096] Ephemeral server survived."}}
[info] i  functions: Finished "createUser" in ~1s {"metadata":{"emulator":{"name":"functions"},"function":{"name":"us-central1-createUser"},"extension":{},"message":"Finished \"createUser\" in ~1s"}}
[debug] [2022-04-22T17:36:57.461Z] [worker-us-central1-createUser-0cf17928-6de7-4285-895d-3a0dde24e572]: IDLE {"metadata":{"emulator":{"name":"functions"},"message":"[worker-us-central1-createUser-0cf17928-6de7-4285-895d-3a0dde24e572]: IDLE"}}
[debug] [2022-04-22T17:36:57.461Z] [work-queue] {"queueLength":0,"workRunningCount":0}
[debug] [2022-04-22T17:47:30.514Z] File D:\Pierre\Developpement\Javascript\NextJS\slashwriter\functions\index.js changed, reloading triggers {"metadata":{"emulator":{"name":"functions"},"message":"File D:\\Pierre\\Developpement\\Javascript\\NextJS\\slashwriter\\functions\\index.js changed, reloading triggers"}}
[debug] [2022-04-22T17:47:31.524Z] [worker-pool] Shutting down IDLE worker (us-central1-createUser) {"metadata":{"emulator":{"name":"functions"},"message":"[worker-pool] Shutting down IDLE worker (us-central1-createUser)"}}
[debug] [2022-04-22T17:47:31.524Z] [worker-us-central1-createUser-0cf17928-6de7-4285-895d-3a0dde24e572]: FINISHING {"metadata":{"emulator":{"name":"functions"},"message":"[worker-us-central1-createUser-0cf17928-6de7-4285-895d-3a0dde24e572]: FINISHING"}}
[debug] [2022-04-22T17:47:31.532Z] Validating nodejs source
[debug] [2022-04-22T17:47:36.182Z] > [functions] package.json contents: {
  "name": "functions",
  "description": "Cloud Functions for Firebase",
  "scripts": {
    "serve": "firebase emulators:start --only functions",
    "shell": "firebase functions:shell",
    "start": "npm run shell",
    "deploy": "firebase deploy --only functions",
    "logs": "firebase functions:log"
  },
  "engines": {
    "node": "16"
  },
  "main": "index.js",
  "dependencies": {
    "firebase-admin": "^10.0.2",
    "firebase-functions": "^3.18.0"
  },
  "devDependencies": {
    "firebase-functions-test": "^0.2.0"
  },
  "private": true
}
[debug] [2022-04-22T17:47:36.183Z] Building nodejs source
[debug] [2022-04-22T17:47:36.183Z] Analyzing nodejs backend spec
[debug] [2022-04-22T17:47:36.201Z] [worker-us-central1-createUser-0cf17928-6de7-4285-895d-3a0dde24e572]: exited {"metadata":{"emulator":{"name":"functions"},"message":"[worker-us-central1-createUser-0cf17928-6de7-4285-895d-3a0dde24e572]: exited"}}
[debug] [2022-04-22T17:47:36.202Z] [worker-us-central1-createUser-0cf17928-6de7-4285-895d-3a0dde24e572]: FINISHED {"metadata":{"emulator":{"name":"functions"},"message":"[worker-us-central1-createUser-0cf17928-6de7-4285-895d-3a0dde24e572]: FINISHED"}}
[debug] [2022-04-22T18:02:42.388Z] File D:\Pierre\Developpement\Javascript\NextJS\slashwriter\functions\index.js changed, reloading triggers {"metadata":{"emulator":{"name":"functions"},"message":"File D:\\Pierre\\Developpement\\Javascript\\NextJS\\slashwriter\\functions\\index.js changed, reloading triggers"}}
[debug] [2022-04-22T18:02:43.397Z] Validating nodejs source
[debug] [2022-04-22T18:02:48.072Z] > [functions] package.json contents: {
  "name": "functions",
  "description": "Cloud Functions for Firebase",
  "scripts": {
    "serve": "firebase emulators:start --only functions",
    "shell": "firebase functions:shell",
    "start": "npm run shell",
    "deploy": "firebase deploy --only functions",
    "logs": "firebase functions:log"
  },
  "engines": {
    "node": "16"
  },
  "main": "index.js",
  "dependencies": {
    "firebase-admin": "^10.0.2",
    "firebase-functions": "^3.18.0"
  },
  "devDependencies": {
    "firebase-functions-test": "^0.2.0"
  },
  "private": true
}
[debug] [2022-04-22T18:02:48.072Z] Building nodejs source
[debug] [2022-04-22T18:02:48.072Z] Analyzing nodejs backend spec
[debug] [2022-04-22T18:09:26.698Z] >>> [apiv2][query] POST http://localhost:5001/functions/projects/slashwriter-93db66f1356f/trigger_multicast [none]
[debug] [2022-04-22T18:09:26.699Z] >>> [apiv2][body] POST http://localhost:5001/functions/projects/slashwriter-93db66f1356f/trigger_multicast {"eventId":"c0c4d3d8-8826-490f-9933-0e4c7a846f7e","eventType":"providers/firebase.auth/eventTypes/user.create","resource":{"name":"projects/slashwriter-93db66f1356f","service":"firebaseauth.googleapis.com"},"params":{},"timestamp":"2022-04-22T18:09:26.697Z","data":{"uid":"0Y4TOQ8esMS3eAW56A0hlc7p3PzH","email":"michel2@gmail.com","emailVerified":false,"metadata":{"creationTime":"1650650966697","lastSignInTime":"1650650966697"},"customClaims":{},"providerData":[{"providerId":"password","email":"michel2@gmail.com","federatedId":"michel2@gmail.com","rawId":"michel2@gmail.com"}]}}
[debug] [2022-04-22T18:09:26.710Z] [work-queue] {"queueLength":1,"workRunningCount":0}
[debug] [2022-04-22T18:09:26.712Z] [work-queue] {"queueLength":0,"workRunningCount":1}
[debug] [2022-04-22T18:09:26.713Z] Accepted multicast request POST /functions/projects/slashwriter-93db66f1356f/trigger_multicast --> us-central1-createUser-0 {"metadata":{"emulator":{"name":"functions"},"message":"Accepted multicast request POST /functions/projects/slashwriter-93db66f1356f/trigger_multicast --> us-central1-createUser-0"}}
[debug] [2022-04-22T18:09:26.713Z] [worker-pool] Cleaned up workers for us-central1-createUser: 1 --> 0 {"metadata":{"emulator":{"name":"functions"},"message":"[worker-pool] Cleaned up workers for us-central1-createUser: 1 --> 0"}}
[debug] [2022-04-22T18:09:26.734Z] [worker-pool] addWorker(us-central1-createUser) {"metadata":{"emulator":{"name":"functions"},"message":"[worker-pool] addWorker(us-central1-createUser)"}}
[debug] [2022-04-22T18:09:26.734Z] [worker-pool] Adding worker with key us-central1-createUser, total=1 {"metadata":{"emulator":{"name":"functions"},"message":"[worker-pool] Adding worker with key us-central1-createUser, total=1"}}
[debug] [2022-04-22T18:09:26.735Z] [worker-pool] submitWork(triggerId=us-central1-createUser) {"metadata":{"emulator":{"name":"functions"},"message":"[worker-pool] submitWork(triggerId=us-central1-createUser)"}}
[debug] [2022-04-22T18:09:26.735Z] [worker-us-central1-createUser-74e50a24-ff64-4446-bbda-5d6845ad126d]: Assigning socketPath: \\?\pipe\D:\Pierre\Developpement\Javascript\NextJS\slashwriter\functions\16008 {"metadata":{"emulator":{"name":"functions"},"message":"[worker-us-central1-createUser-74e50a24-ff64-4446-bbda-5d6845ad126d]: Assigning socketPath: \\\\?\\pipe\\D:\\Pierre\\Developpement\\Javascript\\NextJS\\slashwriter\\functions\\16008"}}
[debug] [2022-04-22T18:09:26.735Z] [worker-us-central1-createUser-74e50a24-ff64-4446-bbda-5d6845ad126d]: BUSY {"metadata":{"emulator":{"name":"functions"},"message":"[worker-us-central1-createUser-74e50a24-ff64-4446-bbda-5d6845ad126d]: BUSY"}}
[debug] [2022-04-22T18:09:26.740Z] <<< [apiv2][status] POST http://localhost:5001/functions/projects/slashwriter-93db66f1356f/trigger_multicast 200
[debug] [2022-04-22T18:09:26.741Z] <<< [apiv2][body] POST http://localhost:5001/functions/projects/slashwriter-93db66f1356f/trigger_multicast {"status":"multicast_acknowledged"}
[debug] [2022-04-22T18:09:29.880Z] [runtime-status] [16008] Functions runtime initialized. {"cwd":"D:\\Pierre\\Developpement\\Javascript\\NextJS\\slashwriter\\functions","node_version":"16.13.2"} {"metadata":{"emulator":{"name":"functions"},"function":{"name":"us-central1-createUser"},"extension":{},"message":"[runtime-status] [16008] Functions runtime initialized. {\"cwd\":\"D:\\\\Pierre\\\\Developpement\\\\Javascript\\\\NextJS\\\\slashwriter\\\\functions\",\"node_version\":\"16.13.2\"}"}}
[debug] [2022-04-22T18:09:29.882Z] [runtime-status] [16008] Disabled runtime features: undefined {"metadata":{"emulator":{"name":"functions"},"function":{"name":"us-central1-createUser"},"extension":{},"message":"[runtime-status] [16008] Disabled runtime features: undefined"}}
[debug] [2022-04-22T18:09:29.887Z] [runtime-status] [16008] Resolved module firebase-admin {"declared":true,"installed":true,"version":"10.0.2","resolution":"D:\\Pierre\\Developpement\\Javascript\\NextJS\\slashwriter\\functions\\node_modules\\firebase-admin\\lib\\index.js"} {"metadata":{"emulator":{"name":"functions"},"function":{"name":"us-central1-createUser"},"extension":{},"message":"[runtime-status] [16008] Resolved module firebase-admin {\"declared\":true,\"installed\":true,\"version\":\"10.0.2\",\"resolution\":\"D:\\\\Pierre\\\\Developpement\\\\Javascript\\\\NextJS\\\\slashwriter\\\\functions\\\\node_modules\\\\firebase-admin\\\\lib\\\\index.js\"}"}}
[debug] [2022-04-22T18:09:29.889Z] [runtime-status] [16008] Resolved module firebase-functions {"declared":true,"installed":true,"version":"3.20.1","resolution":"D:\\Pierre\\Developpement\\Javascript\\NextJS\\slashwriter\\functions\\node_modules\\firebase-functions\\lib\\index.js"} {"metadata":{"emulator":{"name":"functions"},"function":{"name":"us-central1-createUser"},"extension":{},"message":"[runtime-status] [16008] Resolved module firebase-functions {\"declared\":true,\"installed\":true,\"version\":\"3.20.1\",\"resolution\":\"D:\\\\Pierre\\\\Developpement\\\\Javascript\\\\NextJS\\\\slashwriter\\\\functions\\\\node_modules\\\\firebase-functions\\\\lib\\\\index.js\"}"}}
[debug] [2022-04-22T18:09:29.890Z] [runtime-status] [16008] Outgoing network have been stubbed. [{"name":"http","status":"mocked"},{"name":"http","status":"mocked"},{"name":"https","status":"mocked"},{"name":"https","status":"mocked"},{"name":"net","status":"mocked"}] {"metadata":{"emulator":{"name":"functions"},"function":{"name":"us-central1-createUser"},"extension":{},"message":"[runtime-status] [16008] Outgoing network have been stubbed. [{\"name\":\"http\",\"status\":\"mocked\"},{\"name\":\"http\",\"status\":\"mocked\"},{\"name\":\"https\",\"status\":\"mocked\"},{\"name\":\"https\",\"status\":\"mocked\"},{\"name\":\"net\",\"status\":\"mocked\"}]"}}
[debug] [2022-04-22T18:09:29.892Z] [runtime-status] [16008] Resolved module firebase-functions {"declared":true,"installed":true,"version":"3.20.1","resolution":"D:\\Pierre\\Developpement\\Javascript\\NextJS\\slashwriter\\functions\\node_modules\\firebase-functions\\lib\\index.js"} {"metadata":{"emulator":{"name":"functions"},"function":{"name":"us-central1-createUser"},"extension":{},"message":"[runtime-status] [16008] Resolved module firebase-functions {\"declared\":true,\"installed\":true,\"version\":\"3.20.1\",\"resolution\":\"D:\\\\Pierre\\\\Developpement\\\\Javascript\\\\NextJS\\\\slashwriter\\\\functions\\\\node_modules\\\\firebase-functions\\\\lib\\\\index.js\"}"}}
[debug] [2022-04-22T18:09:30.023Z] [runtime-status] [16008] Checked functions.config() {"config":{}} {"metadata":{"emulator":{"name":"functions"},"function":{"name":"us-central1-createUser"},"extension":{},"message":"[runtime-status] [16008] Checked functions.config() {\"config\":{}}"}}
[debug] [2022-04-22T18:09:30.024Z] [runtime-status] [16008] firebase-functions has been stubbed. {"functionsResolution":{"declared":true,"installed":true,"version":"3.20.1","resolution":"D:\\Pierre\\Developpement\\Javascript\\NextJS\\slashwriter\\functions\\node_modules\\firebase-functions\\lib\\index.js"}} {"metadata":{"emulator":{"name":"functions"},"function":{"name":"us-central1-createUser"},"extension":{},"message":"[runtime-status] [16008] firebase-functions has been stubbed. {\"functionsResolution\":{\"declared\":true,\"installed\":true,\"version\":\"3.20.1\",\"resolution\":\"D:\\\\Pierre\\\\Developpement\\\\Javascript\\\\NextJS\\\\slashwriter\\\\functions\\\\node_modules\\\\firebase-functions\\\\lib\\\\index.js\"}}"}}
[debug] [2022-04-22T18:09:30.025Z] [runtime-status] [16008] Resolved module firebase-functions {"declared":true,"installed":true,"version":"3.20.1","resolution":"D:\\Pierre\\Developpement\\Javascript\\NextJS\\slashwriter\\functions\\node_modules\\firebase-functions\\lib\\index.js"} {"metadata":{"emulator":{"name":"functions"},"function":{"name":"us-central1-createUser"},"extension":{},"message":"[runtime-status] [16008] Resolved module firebase-functions {\"declared\":true,\"installed\":true,\"version\":\"3.20.1\",\"resolution\":\"D:\\\\Pierre\\\\Developpement\\\\Javascript\\\\NextJS\\\\slashwriter\\\\functions\\\\node_modules\\\\firebase-functions\\\\lib\\\\index.js\"}"}}
[debug] [2022-04-22T18:09:30.027Z] [runtime-status] [16008] Resolved module firebase-admin {"declared":true,"installed":true,"version":"10.0.2","resolution":"D:\\Pierre\\Developpement\\Javascript\\NextJS\\slashwriter\\functions\\node_modules\\firebase-admin\\lib\\index.js"} {"metadata":{"emulator":{"name":"functions"},"function":{"name":"us-central1-createUser"},"extension":{},"message":"[runtime-status] [16008] Resolved module firebase-admin {\"declared\":true,\"installed\":true,\"version\":\"10.0.2\",\"resolution\":\"D:\\\\Pierre\\\\Developpement\\\\Javascript\\\\NextJS\\\\slashwriter\\\\functions\\\\node_modules\\\\firebase-admin\\\\lib\\\\index.js\"}"}}
[debug] [2022-04-22T18:09:30.029Z] [runtime-status] [16008] Resolved module firebase-functions {"declared":true,"installed":true,"version":"3.20.1","resolution":"D:\\Pierre\\Developpement\\Javascript\\NextJS\\slashwriter\\functions\\node_modules\\firebase-functions\\lib\\index.js"} {"metadata":{"emulator":{"name":"functions"},"function":{"name":"us-central1-createUser"},"extension":{},"message":"[runtime-status] [16008] Resolved module firebase-functions {\"declared\":true,\"installed\":true,\"version\":\"3.20.1\",\"resolution\":\"D:\\\\Pierre\\\\Developpement\\\\Javascript\\\\NextJS\\\\slashwriter\\\\functions\\\\node_modules\\\\firebase-functions\\\\lib\\\\index.js\"}"}}
[debug] [2022-04-22T18:09:30.029Z] [runtime-status] [16008] firebase-admin has been stubbed. {"adminResolution":{"declared":true,"installed":true,"version":"10.0.2","resolution":"D:\\Pierre\\Developpement\\Javascript\\NextJS\\slashwriter\\functions\\node_modules\\firebase-admin\\lib\\index.js"}} {"metadata":{"emulator":{"name":"functions"},"function":{"name":"us-central1-createUser"},"extension":{},"message":"[runtime-status] [16008] firebase-admin has been stubbed. {\"adminResolution\":{\"declared\":true,\"installed\":true,\"version\":\"10.0.2\",\"resolution\":\"D:\\\\Pierre\\\\Developpement\\\\Javascript\\\\NextJS\\\\slashwriter\\\\functions\\\\node_modules\\\\firebase-admin\\\\lib\\\\index.js\"}}"}}
[debug] [2022-04-22T18:09:30.033Z] [runtime-status] [16008] initializeApp(DEFAULT) {"storageBucket":"slashwriter-93db66f1356f.appspot.com","databaseURL":"http://localhost:9000/?ns=slashwriter-93db66f1356f-default-rtdb","projectId":"slashwriter-93db66f1356f"} {"metadata":{"emulator":{"name":"functions"},"function":{"name":"us-central1-createUser"},"extension":{},"message":"[runtime-status] [16008] initializeApp(DEFAULT) {\"storageBucket\":\"slashwriter-93db66f1356f.appspot.com\",\"databaseURL\":\"http://localhost:9000/?ns=slashwriter-93db66f1356f-default-rtdb\",\"projectId\":\"slashwriter-93db66f1356f\"}"}}
[debug] [2022-04-22T18:09:30.079Z] [runtime-status] [16008] Beginning invocation function createUser! {"metadata":{"emulator":{"name":"functions"},"function":{"name":"us-central1-createUser"},"extension":{},"message":"[runtime-status] [16008] Beginning invocation function createUser!"}}
[info] i  functions: Beginning execution of "createUser" {"metadata":{"emulator":{"name":"functions"},"function":{"name":"us-central1-createUser"},"extension":{},"message":"Beginning execution of \"createUser\""}}
[debug] [2022-04-22T18:09:30.080Z] [runtime-status] [16008] Running createUser in signature event {"metadata":{"emulator":{"name":"functions"},"function":{"name":"us-central1-createUser"},"extension":{},"message":"[runtime-status] [16008] Running createUser in signature event"}}
[debug] [2022-04-22T18:09:30.081Z] [runtime-status] [16008] ProcessBackground {"eventId":"c0c4d3d8-8826-490f-9933-0e4c7a846f7e","eventType":"providers/firebase.auth/eventTypes/user.create","resource":{"name":"projects/slashwriter-93db66f1356f","service":"firebaseauth.googleapis.com"},"params":{},"timestamp":"2022-04-22T18:09:26.697Z","data":{"uid":"0Y4TOQ8esMS3eAW56A0hlc7p3PzH","email":"michel2@gmail.com","emailVerified":false,"metadata":{"creationTime":"1650650966697","lastSignInTime":"1650650966697"},"customClaims":{},"providerData":[{"providerId":"password","email":"michel2@gmail.com","federatedId":"michel2@gmail.com","rawId":"michel2@gmail.com"}]}} {"metadata":{"emulator":{"name":"functions"},"function":{"name":"us-central1-createUser"},"extension":{},"message":"[runtime-status] [16008] ProcessBackground {\"eventId\":\"c0c4d3d8-8826-490f-9933-0e4c7a846f7e\",\"eventType\":\"providers/firebase.auth/eventTypes/user.create\",\"resource\":{\"name\":\"projects/slashwriter-93db66f1356f\",\"service\":\"firebaseauth.googleapis.com\"},\"params\":{},\"timestamp\":\"2022-04-22T18:09:26.697Z\",\"data\":{\"uid\":\"0Y4TOQ8esMS3eAW56A0hlc7p3PzH\",\"email\":\"michel2@gmail.com\",\"emailVerified\":false,\"metadata\":{\"creationTime\":\"1650650966697\",\"lastSignInTime\":\"1650650966697\"},\"customClaims\":{},\"providerData\":[{\"providerId\":\"password\",\"email\":\"michel2@gmail.com\",\"federatedId\":\"michel2@gmail.com\",\"rawId\":\"michel2@gmail.com\"}]}}"}}
[debug] [2022-04-22T18:09:30.081Z] [runtime-status] [16008] ProcessBackground: lifting resource.name from resource {"name":"projects/slashwriter-93db66f1356f","service":"firebaseauth.googleapis.com"} {"metadata":{"emulator":{"name":"functions"},"function":{"name":"us-central1-createUser"},"extension":{},"message":"[runtime-status] [16008] ProcessBackground: lifting resource.name from resource {\"name\":\"projects/slashwriter-93db66f1356f\",\"service\":\"firebaseauth.googleapis.com\"}"}}
[debug] [2022-04-22T18:09:30.081Z] [runtime-status] [16008] RunBackground {"data":{"uid":"0Y4TOQ8esMS3eAW56A0hlc7p3PzH","email":"michel2@gmail.com","emailVerified":false,"metadata":{"creationTime":"1650650966697","lastSignInTime":"1650650966697"},"customClaims":{},"providerData":[{"providerId":"password","email":"michel2@gmail.com","federatedId":"michel2@gmail.com","rawId":"michel2@gmail.com"}]},"context":{"eventId":"c0c4d3d8-8826-490f-9933-0e4c7a846f7e","eventType":"providers/firebase.auth/eventTypes/user.create","resource":"projects/slashwriter-93db66f1356f","params":{},"timestamp":"2022-04-22T18:09:26.697Z"}} {"metadata":{"emulator":{"name":"functions"},"function":{"name":"us-central1-createUser"},"extension":{},"message":"[runtime-status] [16008] RunBackground {\"data\":{\"uid\":\"0Y4TOQ8esMS3eAW56A0hlc7p3PzH\",\"email\":\"michel2@gmail.com\",\"emailVerified\":false,\"metadata\":{\"creationTime\":\"1650650966697\",\"lastSignInTime\":\"1650650966697\"},\"customClaims\":{},\"providerData\":[{\"providerId\":\"password\",\"email\":\"michel2@gmail.com\",\"federatedId\":\"michel2@gmail.com\",\"rawId\":\"michel2@gmail.com\"}]},\"context\":{\"eventId\":\"c0c4d3d8-8826-490f-9933-0e4c7a846f7e\",\"eventType\":\"providers/firebase.auth/eventTypes/user.create\",\"resource\":\"projects/slashwriter-93db66f1356f\",\"params\":{},\"timestamp\":\"2022-04-22T18:09:26.697Z\"}}"}}
[debug] [2022-04-22T18:09:30.095Z] [runtime-status] [16008] Ephemeral server survived. {"metadata":{"emulator":{"name":"functions"},"function":{"name":"us-central1-createUser"},"extension":{},"message":"[runtime-status] [16008] Ephemeral server survived."}}
[info] i  functions: Finished "createUser" in ~1s {"metadata":{"emulator":{"name":"functions"},"function":{"name":"us-central1-createUser"},"extension":{},"message":"Finished \"createUser\" in ~1s"}}
[debug] [2022-04-22T18:09:30.097Z] [worker-us-central1-createUser-74e50a24-ff64-4446-bbda-5d6845ad126d]: IDLE {"metadata":{"emulator":{"name":"functions"},"message":"[worker-us-central1-createUser-74e50a24-ff64-4446-bbda-5d6845ad126d]: IDLE"}}
[debug] [2022-04-22T18:09:30.097Z] [work-queue] {"queueLength":0,"workRunningCount":0}
